<?xml version="1.0" encoding="UTF-8"?>
<!-- Generated by org.testng.reporters.JUnitXMLReporter -->
<testsuite ignored="0" hostname="DESKTOP-BFEEPT5" failures="1" tests="1" name="Test" time="14.113" errors="0" timestamp="2024-02-27T19:18:44 IST">
  <testcase classname="org.Runner.TestRunner" name="execution" time="8.187">
    <failure type="java.lang.AssertionError" message="The following asserts failed:
	expected [true] but found [false]">
      <![CDATA[java.lang.AssertionError: The following asserts failed:
expected [true] but found [false]
at org.POM.SearchHotelPage.SearchHotelPageOperations(SearchHotelPage.java:96)
at org.Runner.TestRunner.execution(TestRunner.java:22)
at java.base/java.util.ArrayList.forEach(ArrayList.java:1511)
... Removed 29 stack frames]]>
    </failure>
  </testcase> <!-- execution -->
</testsuite> <!-- Test -->
